<?xml version="1.0" encoding="utf-8"?>
<!DOCTYPE dita PUBLIC "-//IBM//DTD DITA Composite//EN" "ditabase.dtd">
<dita xtrc="metadata_display:on"><topic DTDVersion="V1.1.3" domains="(topic hi-d) (topic pr-d) (topic sw-d) (topic adobe-d)" class="- topic/topic " id="WS90742b3a65ff4d6c731b728d13eb17abf0c-8000_ver2015"><title class="- topic/title ">CMS Connector Framework</title><prolog class="- topic/prolog "><adobemetadata rev="1" status="changed" output="IPH Print Web" xtrc="[Output: IPH, Print, Web] [Revision Control: Changing] " class="+ topic/metadata adobe-d/metadata "/></prolog><body class="- topic/body "><p class="- topic/p "/></body><topic DTDVersion="V1.1.3" domains="(topic hi-d) (topic pr-d) (topic sw-d) (topic adobe-d)" class="- topic/topic " id="WS90742b3a65ff4d6c-20ee09b613eb18c27fe-8000_ver2015"><title class="- topic/title ">CMS API Data Structures and Enum Constants</title><prolog class="- topic/prolog "><adobemetadata rev="1" status="changed" output="IPH Print Web" xtrc="[Output: IPH, Print, Web] [Revision Control: Changing] " class="+ topic/metadata adobe-d/metadata "/></prolog><body class="- topic/body "><p class="- topic/p "/></body><topic DTDVersion="V1.1.3" domains="(topic hi-d) (topic pr-d) (topic sw-d) (topic adobe-d)" class="- topic/topic " id="WS2d2a17056e219198-7e97cd15144961ec880-8000_ver2015"><title class="- topic/title ">CMSResult</title><prolog class="- topic/prolog "><adobemetadata rev="1" status="changed" output="IPH Print Web" xtrc="[Output: IPH, Print, Web] [Revision Control: Changing] " class="+ topic/metadata adobe-d/metadata "/></prolog><body class="- topic/body "/><topic DTDVersion="V1.1.3" domains="(topic hi-d) (topic pr-d) (topic sw-d) (topic adobe-d)" class="- topic/topic " id="WS2d2a17056e219198-7e97cd15144961ec880-7fff_ver2015"><title class="- topic/title ">CMSResult</title><prolog class="- topic/prolog "><adobemetadata rev="1" status="changed" output="IPH Print Web" xtrc="[Output: IPH, Print, Web] [Revision Control: Changing] " class="+ topic/metadata adobe-d/metadata "/></prolog><body class="- topic/body "><section class="- topic/section "><title class="- topic/title ">Description</title><p class="- topic/p ">Specifies the state
of a Command’s result for CMSCommand.</p></section><section class="- topic/section "><title class="- topic/title ">Returns</title><p class="- topic/p "><codeph class="+ topic/ph pr-d/codeph ">CMSResult</codeph></p></section><section class="- topic/section "><title class="- topic/title ">Syntax</title><p class="- topic/p "><codeph class="+ topic/ph pr-d/codeph ">CMSResult(status,opResult,message,cmsItems);</codeph></p></section><section class="- topic/section "><title class="- topic/title ">Parameters</title><adobetable frame="all" colsep="1" rowsep="1" class="+ topic/table adobe-d/adobetable "><tgroup cols="4" colsep="1" rowsep="1" outputclass="Table.format" class="- topic/tgroup "><colspec colnum="1" colname="1" colwidth="1.799in" class="- topic/colspec "/><colspec colnum="2" colname="2" colwidth="0.770in" class="- topic/colspec "/><colspec colnum="3" colname="3" colwidth="0.770in" class="- topic/colspec "/><colspec colnum="4" colname="4" colwidth="2.827in" class="- topic/colspec "/><thead class="- topic/thead "><row rowsep="1" class="- topic/row "><entry colname="1" class="- topic/entry "><p class="- topic/p ">Parameter name</p></entry><entry colname="2" class="- topic/entry "><p class="- topic/p ">Data Type</p></entry><entry colname="3" class="- topic/entry "><p class="- topic/p ">Optional</p></entry><entry colname="4" class="- topic/entry "><p class="- topic/p ">Description</p></entry></row></thead><tbody class="- topic/tbody "><row rowsep="1" class="- topic/row "><entry colname="1" rowsep="0" class="- topic/entry "><p class="- topic/p ">status</p></entry><entry colname="2" rowsep="0" class="- topic/entry "><p class="- topic/p "><codeph class="+ topic/ph pr-d/codeph ">int</codeph></p></entry><entry colname="3" rowsep="0" class="- topic/entry "><p class="- topic/p ">No</p></entry><entry colname="4" rowsep="0" class="- topic/entry "><p class="- topic/p ">Command’s status</p></entry></row><row rowsep="1" class="- topic/row "><entry colname="1" rowsep="0" class="- topic/entry "><p class="- topic/p ">opResult</p></entry><entry colname="2" rowsep="0" class="- topic/entry "><p class="- topic/p "><codeph class="+ topic/ph pr-d/codeph ">int</codeph></p></entry><entry colname="3" rowsep="0" class="- topic/entry "><p class="- topic/p ">No</p></entry><entry colname="4" rowsep="0" class="- topic/entry "><p class="- topic/p ">Operation's result. If CMS
Command needs CMSTree update, assign CMSOpResult values (See following
enum),else can return any value depending on operation. For example:</p><p class="- topic/p "> opResult
= True/False for FA_CMSIsValidCommand ,</p><p class="- topic/p ">opResult = CMSPropertyNewMaxOpCode
for FA_CMSGetPropertyMaxOpCode</p></entry></row><row rowsep="1" class="- topic/row "><entry colname="1" rowsep="0" class="- topic/entry "><p class="- topic/p ">message</p></entry><entry colname="2" rowsep="0" class="- topic/entry "><p class="- topic/p "><codeph class="+ topic/ph pr-d/codeph ">string</codeph></p></entry><entry colname="3" rowsep="0" class="- topic/entry "><p class="- topic/p ">No</p></entry><entry colname="4" rowsep="0" class="- topic/entry "><p class="- topic/p ">If operation fails, user can
send error message to FrameMaker.For FA_CMSObjectOpenReadOnly, FA_CMSObjectEdit
command, user can return file-name which is downloaded.</p></entry></row><row rowsep="0" class="- topic/row "><entry colname="1" class="- topic/entry "><p class="- topic/p ">cmsItems</p></entry><entry colname="2" class="- topic/entry "><p class="- topic/p "><codeph class="+ topic/ph pr-d/codeph ">CMSObject</codeph>s</p></entry><entry colname="3" class="- topic/entry "><p class="- topic/p ">No</p></entry><entry colname="4" class="- topic/entry "><p class="- topic/p ">List of CMS object</p></entry></row></tbody></tgroup></adobetable><p class="- topic/p ">The possible values of the CMSResult.opResult
field are:</p><adobetable frame="all" colsep="0" rowsep="1" class="+ topic/table adobe-d/adobetable "><tgroup cols="2" colsep="0" rowsep="1" outputclass="equation.table" class="- topic/tgroup "><colspec colnum="1" colname="1" colwidth="2.302in" colsep="0" class="- topic/colspec "/><colspec colnum="2" colname="2" colwidth="2.729in" colsep="0" class="- topic/colspec "/><tbody class="- topic/tbody "><row rowsep="1" class="- topic/row "><entry colname="1" class="- topic/entry "><p class="- topic/p ">opResult constant</p></entry><entry colname="2" class="- topic/entry "><p class="- topic/p ">Meaning</p></entry></row><row rowsep="1" class="- topic/row "><entry colname="1" class="- topic/entry "><p class="- topic/p ">Constants.CMSOpNone</p></entry><entry colname="2" class="- topic/entry "><p class="- topic/p ">None</p></entry></row><row rowsep="1" class="- topic/row "><entry colname="1" class="- topic/entry "><p class="- topic/p ">Constants.CMSOpItemUpdated</p></entry><entry colname="2" class="- topic/entry "><p class="- topic/p ">CMS item is updated</p></entry></row><row rowsep="1" class="- topic/row "><entry colname="1" class="- topic/entry "><p class="- topic/p ">Constants.CMSOpDependentsUpdated</p></entry><entry colname="2" class="- topic/entry "><p class="- topic/p ">Depdendents are updated</p></entry></row><row rowsep="1" class="- topic/row "><entry colname="1" class="- topic/entry "><p class="- topic/p ">Constants.CMSOpDependentsDeleted</p></entry><entry colname="2" class="- topic/entry "><p class="- topic/p ">Depdendents are deleted</p></entry></row><row rowsep="1" class="- topic/row "><entry colname="1" class="- topic/entry "><p class="- topic/p ">Constants.CMSOpItemDeleted</p></entry><entry colname="2" class="- topic/entry "><p class="- topic/p ">CMS item is deleted</p></entry></row><row rowsep="1" class="- topic/row "><entry colname="1" class="- topic/entry "><p class="- topic/p ">Constants.CMSOpChildAdded</p></entry><entry colname="2" class="- topic/entry "><p class="- topic/p ">Child is added</p></entry></row><row rowsep="0" class="- topic/row "><entry colname="1" class="- topic/entry "><p class="- topic/p ">Constants.CMSOpRootUpdated</p></entry><entry colname="2" class="- topic/entry "><p class="- topic/p ">Root is updated</p></entry></row></tbody></tgroup></adobetable><p class="- topic/p ">If CMSSetProperty() fails, the API assigns
following values to FA_errno:</p><adobetable frame="all" colsep="0" rowsep="1" class="+ topic/table adobe-d/adobetable "><tgroup cols="2" colsep="0" rowsep="1" outputclass="equation.table" class="- topic/tgroup "><colspec colnum="1" colname="1" colwidth="1.884in" colsep="0" class="- topic/colspec "/><colspec colnum="2" colname="2" colwidth="4.282in" colsep="0" class="- topic/colspec "/><thead class="- topic/thead "><row rowsep="1" class="- topic/row "><entry colname="1" class="- topic/entry "><p class="- topic/p ">Error</p></entry><entry colname="2" class="- topic/entry "><p class="- topic/p ">Reason</p></entry></row></thead><tbody class="- topic/tbody "><row rowsep="1" class="- topic/row "><entry colname="1" class="- topic/entry "><p class="- topic/p ">Constants.FE_CMSBadSessionId</p></entry><entry colname="2" class="- topic/entry "><p class="- topic/p ">The client specified an invalid session
ID.</p></entry></row><row rowsep="1" class="- topic/row "><entry colname="1" class="- topic/entry "><p class="- topic/p ">Constants.FE_CMSBadObjectId</p></entry><entry colname="2" class="- topic/entry "><p class="- topic/p ">The client specified an invalid cms object
ID.</p></entry></row><row rowsep="1" class="- topic/row "><entry colname="1" class="- topic/entry "><p class="- topic/p ">Constants.FE_CMSRootObjectExists</p></entry><entry colname="2" class="- topic/entry "><p class="- topic/p ">The API tries to set a root which already
exists.</p></entry></row><row rowsep="1" class="- topic/row "><entry colname="1" class="- topic/entry "><p class="- topic/p ">Constants.FE_CMSBadItemFileType</p></entry><entry colname="2" class="- topic/entry "><p class="- topic/p ">The file type expected by the cms object
does not match the valid file type.</p></entry></row><row rowsep="1" class="- topic/row "><entry colname="1" class="- topic/entry "><p class="- topic/p ">Constants.FE_CMSBadItemType</p></entry><entry colname="2" class="- topic/entry "><p class="- topic/p ">The item type expected by the cms object
does not match the valid item type</p></entry></row><row rowsep="0" class="- topic/row "><entry colname="1" class="- topic/entry "><p class="- topic/p ">Constants.FE_CMSBadItemContainerType</p></entry><entry colname="2" class="- topic/entry "><p class="- topic/p ">The container value expected by the cms
object is not properly set</p></entry></row></tbody></tgroup></adobetable></section></body></topic></topic><topic DTDVersion="V1.1.3" domains="(topic hi-d) (topic pr-d) (topic sw-d) (topic adobe-d)" class="- topic/topic " id="WS871ba2ae9678192d-1764b09513eda08c293-7ffe_ver2015"><title class="- topic/title ">CMSItemFileType</title><prolog class="- topic/prolog "><adobemetadata rev="1" status="changed" output="IPH Print Web" xtrc="[Output: IPH, Print, Web] [Revision Control: Changing] " class="+ topic/metadata adobe-d/metadata "/></prolog><body class="- topic/body "><section class="- topic/section "><title class="- topic/title ">Description</title><p class="- topic/p ">Enum constants used
to determine File-Type of a CMS Object.</p><p class="- topic/p ">The posssible values
of the <codeph class="+ topic/ph pr-d/codeph ">Constants.FP_CMSItemProperty_ItemFileType</codeph> fields
are:</p><adobetable frame="all" colsep="0" rowsep="1" class="+ topic/table adobe-d/adobetable "><tgroup cols="2" colsep="0" rowsep="1" outputclass="equation.table" class="- topic/tgroup "><colspec colnum="1" colname="1" colwidth="2.302in" colsep="0" class="- topic/colspec "/><colspec colnum="2" colname="2" colwidth="2.729in" colsep="0" class="- topic/colspec "/><tbody class="- topic/tbody "><row rowsep="1" class="- topic/row "><entry colname="1" class="- topic/entry "><p class="- topic/p ">File Type constant</p></entry><entry colname="2" class="- topic/entry "><p class="- topic/p ">Meaning</p></entry></row><row rowsep="1" class="- topic/row "><entry colname="1" class="- topic/entry "><p class="- topic/p ">Constants.FV_CMSItemFileTypeValue_Xml</p></entry><entry colname="2" class="- topic/entry "><p class="- topic/p ">File type is XML</p></entry></row><row rowsep="1" class="- topic/row "><entry colname="1" class="- topic/entry "><p class="- topic/p ">Constants.FV_CMSItemFileTypeValue_FmDoc</p></entry><entry colname="2" class="- topic/entry "><p class="- topic/p ">File type is FM</p></entry></row><row rowsep="1" class="- topic/row "><entry colname="1" class="- topic/entry "><p class="- topic/p ">Constants.FV_CMSItemFileTypeValue_Mif</p></entry><entry colname="2" class="- topic/entry "><p class="- topic/p ">File type is MIF</p></entry></row><row rowsep="1" class="- topic/row "><entry colname="1" class="- topic/entry "><p class="- topic/p ">Constants.FV_CMSItemFileTypeValue_DitaMap</p></entry><entry colname="2" class="- topic/entry "><p class="- topic/p ">File type is DITAMAP</p></entry></row><row rowsep="1" class="- topic/row "><entry colname="1" class="- topic/entry "><p class="- topic/p ">Constants.FV_CMSItemFileTypeValue_DitaTopic</p></entry><entry colname="2" class="- topic/entry "><p class="- topic/p ">File type is DITA topic</p></entry></row><row rowsep="1" class="- topic/row "><entry colname="1" class="- topic/entry "><p class="- topic/p ">Constants.FV_CMSItemFileTypeValue_FmBook</p></entry><entry colname="2" class="- topic/entry "><p class="- topic/p ">File type is Book</p></entry></row><row rowsep="1" class="- topic/row "><entry colname="1" class="- topic/entry "><p class="- topic/p ">Constants.FV_CMSItemFileTypeValue_Text</p></entry><entry colname="2" class="- topic/entry "><p class="- topic/p ">File type is text</p></entry></row><row rowsep="1" class="- topic/row "><entry colname="1" class="- topic/entry "><p class="- topic/p ">Constants.FV_CMSItemFileTypeValue_Img</p></entry><entry colname="2" class="- topic/entry "><p class="- topic/p ">File type is image</p></entry></row><row rowsep="0" class="- topic/row "><entry colname="1" class="- topic/entry "><p class="- topic/p ">Constants.FV_CMSItemFileTypeValue_General</p></entry><entry colname="2" class="- topic/entry "><p class="- topic/p ">File type is General</p></entry></row></tbody></tgroup></adobetable></section></body></topic><topic DTDVersion="V1.1.3" domains="(topic hi-d) (topic pr-d) (topic sw-d) (topic adobe-d)" class="- topic/topic " id="WS871ba2ae9678192d-1764b09513eda08c293-7ffd_ver2015"><title class="- topic/title ">CMSProperties</title><prolog class="- topic/prolog "><adobemetadata rev="1" status="changed" output="IPH Print Web" xtrc="[Output: IPH, Print, Web] [Revision Control: Changing] " class="+ topic/metadata adobe-d/metadata "/></prolog><body class="- topic/body "><section class="- topic/section "><title class="- topic/title ">Description</title><p class="- topic/p ">A <codeph class="+ topic/ph pr-d/codeph ">CMSProperties</codeph> structure
specifies a set of CMS object propeties.</p></section></body></topic><topic DTDVersion="V1.1.3" domains="(topic hi-d) (topic pr-d) (topic sw-d) (topic adobe-d)" class="- topic/topic " id="WS871ba2ae9678192d-1764b09513eda08c293-7ffc_ver2015"><title class="- topic/title ">CMSMenuItem</title><prolog class="- topic/prolog "><adobemetadata rev="1" status="changed" output="IPH Print Web" xtrc="[Output: IPH, Print, Web] [Revision Control: Changing] " class="+ topic/metadata adobe-d/metadata "/></prolog><body class="- topic/body "><section class="- topic/section "><title class="- topic/title ">Description</title><p class="- topic/p ">The <codeph class="+ topic/ph pr-d/codeph ">CMSMenuItem</codeph> structure
describes a custom menu definition.</p><p class="- topic/p ">This structure is used
for creating a custom menu entry in the context menu available in
CMS tree and CMS dialogs.</p></section></body></topic><topic DTDVersion="V1.1.3" domains="(topic hi-d) (topic pr-d) (topic sw-d) (topic adobe-d)" class="- topic/topic " id="WS871ba2ae9678192d-1764b09513eda08c293-7ffa_ver2015"><title class="- topic/title ">CMSCheckinParam</title><prolog class="- topic/prolog "><adobemetadata rev="1" status="changed" output="IPH Print Web" xtrc="[Output: IPH, Print, Web] [Revision Control: Changing] " class="+ topic/metadata adobe-d/metadata "/></prolog><body class="- topic/body "><section class="- topic/section "><title class="- topic/title ">Description</title><p class="- topic/p ">The <codeph class="+ topic/ph pr-d/codeph ">CMSCheckinParam</codeph> structure
describes the checkin parameter.</p><p class="- topic/p ">This strcuture is returned
by <codeph class="+ topic/ph pr-d/codeph ">CMSShowCheckinUI</codeph> API for getting all the user interface
state after user accepts the dialog changes by pressing OK button.</p></section></body></topic><topic DTDVersion="V1.1.3" domains="(topic hi-d) (topic pr-d) (topic sw-d) (topic adobe-d)" class="- topic/topic " id="WS871ba2ae9678192d-1764b09513eda08c293-7ff8_ver2015"><title class="- topic/title ">CMSDeleteParam</title><prolog class="- topic/prolog "><adobemetadata rev="1" status="changed" output="IPH Print Web" xtrc="[Output: IPH, Print, Web] [Revision Control: Changing] " class="+ topic/metadata adobe-d/metadata "/></prolog><body class="- topic/body "><section class="- topic/section "><title class="- topic/title ">Description</title><p class="- topic/p ">The <codeph class="+ topic/ph pr-d/codeph ">CMSDeleteParam</codeph> structure
describes the delete parameter. </p><p class="- topic/p ">This strcuture is returned
by CMSShowDeleteUI API for getting all the user interface state
after the user accepts the dialog changes by clicking OK.</p></section></body></topic><topic DTDVersion="V1.1.3" domains="(topic hi-d) (topic pr-d) (topic sw-d) (topic adobe-d)" class="- topic/topic " id="WS871ba2ae9678192d-1764b09513eda08c293-7ff7_ver2015"><title class="- topic/title ">CMSInfo</title><prolog class="- topic/prolog "><adobemetadata rev="1" status="changed" output="IPH Print Web" xtrc="[Output: IPH, Print, Web] [Revision Control: Changing] " class="+ topic/metadata adobe-d/metadata "/></prolog><body class="- topic/body "><section class="- topic/section "><title class="- topic/title ">Description</title><p class="- topic/p ">The <codeph class="+ topic/ph pr-d/codeph ">CMSInfo</codeph> structure
describes a single CMS registration information definition</p></section></body></topic><topic DTDVersion="V1.1.3" domains="(topic hi-d) (topic pr-d) (topic sw-d) (topic adobe-d)" class="- topic/topic " id="WS871ba2ae9678192d10893c0c13edb7ba700-8000_ver2015"><title class="- topic/title ">CMSInfos</title><prolog class="- topic/prolog "><adobemetadata rev="1" status="changed" output="IPH Print Web" xtrc="[Output: IPH, Print, Web] [Revision Control: Changing] " class="+ topic/metadata adobe-d/metadata "/></prolog><body class="- topic/body "><section class="- topic/section "><title class="- topic/title ">Description</title><p class="- topic/p ">The <codeph class="+ topic/ph pr-d/codeph ">CMSInfos</codeph> structure
specifies a set of CMS registration information.</p></section></body></topic></topic><topic DTDVersion="V1.1.3" domains="(topic hi-d) (topic pr-d) (topic sw-d) (topic adobe-d)" class="- topic/topic " id="WS90742b3a65ff4d6c731b728d13eb17abf0c-7fff_ver2015"><title class="- topic/title ">Error Codes</title><prolog class="- topic/prolog "><adobemetadata rev="1" status="changed" output="IPH Print Web" xtrc="[Output: IPH, Print, Web] [Revision Control: Changing] " class="+ topic/metadata adobe-d/metadata "/></prolog><body class="- topic/body "><p class="- topic/p ">If the CMS API encounters an error condition, the API assigns
an error code to the global variable FA_errno. The following table
lists the error codes and their meanings. Error codes are also listed
in the fcmsapi.h header file.</p><adobetable frame="all" colsep="0" rowsep="1" class="+ topic/table adobe-d/adobetable "><tgroup cols="2" colsep="0" rowsep="1" outputclass="equation.table" class="- topic/tgroup "><colspec colnum="1" colname="1" colwidth="2.310in" colsep="0" class="- topic/colspec "/><colspec colnum="2" colname="2" colwidth="2.729in" colsep="0" class="- topic/colspec "/><tbody class="- topic/tbody "><row rowsep="1" class="- topic/row "><entry colname="1" class="- topic/entry "><p class="- topic/p ">Error code</p></entry><entry colname="2" class="- topic/entry "><p class="- topic/p ">Meaning</p></entry></row><row rowsep="1" class="- topic/row "><entry colname="1" class="- topic/entry "><p class="- topic/p ">Constants.FE_CMSNameAlreadyRegistered</p></entry><entry colname="2" class="- topic/entry "><p class="- topic/p ">The API attempted to register a CMS that
is already registered.</p></entry></row><row rowsep="1" class="- topic/row "><entry colname="1" class="- topic/entry "><p class="- topic/p ">Constants.FE_CMSBadSessionId</p></entry><entry colname="2" class="- topic/entry "><p class="- topic/p ">The client specified an invalid session
ID.</p></entry></row><row rowsep="1" class="- topic/row "><entry colname="1" class="- topic/entry "><p class="- topic/p ">Constants.FE_CMSBadObjectId</p></entry><entry colname="2" class="- topic/entry "><p class="- topic/p ">The client specified an invalid CMS object
ID.</p></entry></row><row rowsep="1" class="- topic/row "><entry colname="1" class="- topic/entry "><p class="- topic/p ">Constants.FE_CMSSessionFailed</p></entry><entry colname="2" class="- topic/entry "><p class="- topic/p ">The client failed to create a session. </p></entry></row><row rowsep="1" class="- topic/row "><entry colname="1" class="- topic/entry "><p class="- topic/p ">Constants.CMSBadCommandId</p></entry><entry colname="2" class="- topic/entry "><p class="- topic/p ">The client specified an invalid command
ID.</p></entry></row><row rowsep="1" class="- topic/row "><entry colname="1" class="- topic/entry "><p class="- topic/p ">Constants.FE_CMSObjectCreationFailed</p></entry><entry colname="2" class="- topic/entry "><p class="- topic/p ">The CMSCreateObject API fails to create
a CMS object.</p></entry></row><row rowsep="1" class="- topic/row "><entry colname="1" class="- topic/entry "><p class="- topic/p ">Constants.FE_CMSRootObjectExists</p></entry><entry colname="2" class="- topic/entry "><p class="- topic/p ">The API tried to set a root that already
exists.</p></entry></row><row rowsep="1" class="- topic/row "><entry colname="1" class="- topic/entry "><p class="- topic/p ">Constants.FE_CMSBadItemFileType</p></entry><entry colname="2" class="- topic/entry "><p class="- topic/p ">The file type expected by the CMS object
does not match the valid file type.</p></entry></row><row rowsep="1" class="- topic/row "><entry colname="1" class="- topic/entry "><p class="- topic/p ">Constants.FE_CMSBadItemType</p></entry><entry colname="2" class="- topic/entry "><p class="- topic/p ">The item type expected by the CMS object
does not match the valid item type.</p></entry></row><row rowsep="1" class="- topic/row "><entry colname="1" class="- topic/entry "><p class="- topic/p ">Constants.FE_CMSBadItemContainerType</p></entry><entry colname="2" class="- topic/entry "><p class="- topic/p ">The container value expected by the cms
object is not properly set</p></entry></row><row rowsep="1" class="- topic/row "><entry colname="1" class="- topic/entry "><p class="- topic/p ">Constants.FE_CMSSessionCreationFailed</p></entry><entry colname="2" class="- topic/entry "><p class="- topic/p ">If Session creation fails, set status to
this value. </p></entry></row><row rowsep="1" class="- topic/row "><entry colname="1" class="- topic/entry "><p class="- topic/p ">Constants.FE_CMSIsValidCMSCommand</p></entry><entry colname="2" class="- topic/entry "><p class="- topic/p ">If user wants FrameMaker to take care of
IsValidCMSCommand, set opResult to this value.</p></entry></row><row rowsep="1" class="- topic/row "><entry colname="1" class="- topic/entry "><p class="- topic/p ">Constants.FE_CMSFailedLogin</p></entry><entry colname="2" class="- topic/entry "><p class="- topic/p ">The CMSLogin API fails to log into a CMS.</p></entry></row><row rowsep="1" class="- topic/row "><entry colname="1" class="- topic/entry "><p class="- topic/p ">Constants.FE_CMSFailedLogout</p></entry><entry colname="2" class="- topic/entry "><p class="- topic/p ">The CMSLogout API fails to log out from
a CMS.</p></entry></row><row rowsep="1" class="- topic/row "><entry colname="1" class="- topic/entry "><p class="- topic/p ">Constants.FE_CMSFailedCheckout</p></entry><entry colname="2" class="- topic/entry "><p class="- topic/p ">The CMSCheckout API failed to checkout a
file.</p></entry></row><row rowsep="1" class="- topic/row "><entry colname="1" class="- topic/entry "><p class="- topic/p ">Constants.FE_CMSFailedCheckin</p></entry><entry colname="2" class="- topic/entry "><p class="- topic/p ">The CMSCheckin API failed to check in a
file </p></entry></row><row rowsep="1" class="- topic/row "><entry colname="1" class="- topic/entry "><p class="- topic/p ">Constants.FE_CMSFailedCancelCheckout</p></entry><entry colname="2" class="- topic/entry "><p class="- topic/p ">The CMSCancelCheckout API fails to cancelcheckout
of a file.</p></entry></row><row rowsep="1" class="- topic/row "><entry colname="1" class="- topic/entry "><p class="- topic/p ">Constants.FE_CMSFailedDelete</p></entry><entry colname="2" class="- topic/entry "><p class="- topic/p ">The CMSDelete API failed to delete a cms
object</p></entry></row><row rowsep="1" class="- topic/row "><entry colname="1" class="- topic/entry "><p class="- topic/p ">Constants.FE_CMSFailedOpenFile</p></entry><entry colname="2" class="- topic/entry "><p class="- topic/p ">The CMSOpenFile API failed to open a file </p></entry></row><row rowsep="1" class="- topic/row "><entry colname="1" class="- topic/entry "><p class="- topic/p ">Constants.FE_CMSFailedUploadObject</p></entry><entry colname="2" class="- topic/entry "><p class="- topic/p ">The CMSUploadObject API failed to upload
afile or folder.</p></entry></row><row rowsep="1" class="- topic/row "><entry colname="1" class="- topic/entry "><p class="- topic/p ">Constants.FE_CMSFailedDownloadObject</p></entry><entry colname="2" class="- topic/entry "><p class="- topic/p ">The CMSzDownloadObject API failed to download
a file.</p></entry></row><row rowsep="0" class="- topic/row "><entry colname="1" class="- topic/entry "><p class="- topic/p ">Constants.FE_CMSFailedGetItemFrompath</p></entry><entry colname="2" class="- topic/entry "><p class="- topic/p ">The GetCMSObjectFromPath API failed to return
a CMS object from server path.</p></entry></row></tbody></tgroup></adobetable></body></topic><topic DTDVersion="V1.1.3" domains="(topic hi-d) (topic pr-d) (topic sw-d) (topic adobe-d)" class="- topic/topic " id="WS2c571170edfbf9c619afe1e913ebbcc81de-8000_ver2015"><title class="- topic/title ">CMS API functions</title><prolog class="- topic/prolog "><adobemetadata rev="1" status="changed" output="IPH Print Web" xtrc="[Output: IPH, Print, Web] [Revision Control: Changing] " class="+ topic/metadata adobe-d/metadata "/></prolog><body class="- topic/body "><p class="- topic/p ">A list of the prominent CMS API functions:</p><p class="- topic/p "><xref class="- topic/xref " href="frm_method_summary_ms.xml#WS2d2a17056e219198972a906144906817bc-8000_ver2015">CMSRegister</xref></p><p class="- topic/p "><xref class="- topic/xref " href="frm_method_summary_ms.xml#WS2d2a17056e219198-503780971447758907f-7fcc_ver2015">CMSCreateObject</xref></p><p class="- topic/p "><xref class="- topic/xref " href="frm_method_summary_ms.xml#WSee51c2d7ccde2309577c21a51448c476444-7ffc_ver2015">CMSEnableCommand()</xref></p><p class="- topic/p "><xref class="- topic/xref " href="frm_method_summary_ms.xml#WSee51c2d7ccde2309577c21a51448c476444-7ffb_ver2015">CMSDisableCommand()</xref></p><p class="- topic/p "><xref class="- topic/xref " href="frm_method_summary_ms.xml#WS2d2a17056e219198972a906144906817bc-7ffe_ver2015">CMSAddMenuEntry</xref></p><p class="- topic/p "><xref class="- topic/xref " href="frm_method_summary_ms.xml#WS2d2a17056e219198972a906144906817bc-7fff_ver2015">CMSGetCmsIdFromName</xref></p><p class="- topic/p "><xref class="- topic/xref " href="frm_method_summary_ms.xml#WS2d2a17056e219198-503780971447758907f-7fdb_ver2015">CMSGetCMSInfo()</xref></p><p class="- topic/p "><xref class="- topic/xref " href="frm_method_summary_ms.xml#WS2d2a17056e219198-503780971447758907f-7fcb_ver2015">CMSGetCmsIdFromSession</xref></p><p class="- topic/p "><xref class="- topic/xref " href="frm_method_summary_ms.xml#WS2d2a17056e219198-503780971447758907f-7fda_ver2015">CMSConfigLoginUI()</xref></p><p class="- topic/p "><xref class="- topic/xref " href="frm_method_summary_ms.xml#WSee51c2d7ccde2309577c21a51448c476444-7ffa_ver2015">CMSShowCheckoutUI()</xref></p><p class="- topic/p "><xref class="- topic/xref " href="frm_method_summary_ms.xml#WSee51c2d7ccde2309577c21a51448c476444-7ff9_ver2015">CMSShowCheckinUI()</xref></p><p class="- topic/p "><xref class="- topic/xref " href="frm_method_summary_ms.xml#WSee51c2d7ccde2309577c21a51448c476444-7ff8_ver2015">CMSShowCancelCheckoutUI()</xref></p><p class="- topic/p "><xref class="- topic/xref " href="frm_method_summary_ms.xml#WSee51c2d7ccde2309577c21a51448c476444-7ff6_ver2015">CMSShowDeleteUI()</xref></p><p class="- topic/p "><xref class="- topic/xref " href="frm_method_summary_ms.xml#WSee51c2d7ccde2309577c21a51448c476444-7ff5_ver2015">CMSShowCommonListUI()</xref></p><p class="- topic/p "><xref class="- topic/xref " href="frm_method_summary_ms.xml#WSee51c2d7ccde2309577c21a51448c476444-7ff4_ver2015">CMSShowPropertyUI()</xref></p><p class="- topic/p "><xref class="- topic/xref " href="frm_method_summary_ms.xml#WS2d2a17056e219198-120755d4144aca79127-8000_ver2015">CMSShowPropertyUIWithTitle</xref></p><p class="- topic/p "><xref class="- topic/xref " href="frm_method_summary_ms.xml#WSee51c2d7ccde2309577c21a51448c476444-7ffe_ver2015">CMSGetProperty()</xref></p><p class="- topic/p "><xref class="- topic/xref " href="frm_method_summary_ms.xml#WSee51c2d7ccde2309577c21a51448c476444-7ff7_ver2015">CMSGetProperties()</xref></p><p class="- topic/p "><xref class="- topic/xref " href="frm_method_summary_ms.xml#WSee51c2d7ccde2309577c21a51448c476444-7fff_ver2015">CMSSetProperty()</xref></p><p class="- topic/p "><xref class="- topic/xref " href="frm_method_summary_ms.xml#WSee51c2d7ccde2309577c21a51448c476444-7ffd_ver2015">CMSSetProperties()</xref></p></body></topic><topic DTDVersion="V1.1.3" domains="(topic hi-d) (topic pr-d) (topic sw-d) (topic adobe-d)" class="- topic/topic " id="WS2c571170edfbf9c619afe1e913ebbcc81de-7fff_ver2015"><title class="- topic/title ">APIs to automate CMS connector functionality</title><prolog class="- topic/prolog "><adobemetadata rev="1" status="changed" output="IPH Print Web" xtrc="[Output: IPH, Print, Web] [Revision Control: Changing] " class="+ topic/metadata adobe-d/metadata "/></prolog><body class="- topic/body "><p class="- topic/p "/></body><topic DTDVersion="V1.1.3" domains="(topic hi-d) (topic pr-d) (topic sw-d) (topic adobe-d)" class="- topic/topic " id="WS871ba2ae9678192d53b3500b13edb97e47c-8000_ver2015"><title class="- topic/title ">CMSLogin</title><prolog class="- topic/prolog "><adobemetadata rev="1" status="changed" output="IPH Print Web" xtrc="[Output: IPH, Print, Web] [Revision Control: Changing] " class="+ topic/metadata adobe-d/metadata "/></prolog><body class="- topic/body "><section class="- topic/section "><title class="- topic/title ">Description</title><p class="- topic/p ">Logs into a particular
CMS based on the connection details</p></section><section class="- topic/section "><title class="- topic/title ">Returns</title><p class="- topic/p ">Returns the handle of the new
CMS connection if the operation is successful. Else sets FA_errno
to <codeph class="+ topic/ph pr-d/codeph ">Constants.FE_CMSFailedLogin</codeph>.</p></section><section class="- topic/section "><title class="- topic/title ">Syntax</title><p class="- topic/p "><codeph class="+ topic/ph pr-d/codeph ">CMSLogin (setVal);</codeph></p></section><section class="- topic/section "><title class="- topic/title ">Parameters</title><adobetable frame="all" colsep="1" rowsep="1" class="+ topic/table adobe-d/adobetable "><tgroup cols="4" colsep="1" rowsep="1" outputclass="Table.format" class="- topic/tgroup "><colspec colnum="1" colname="1" colwidth="1.799in" class="- topic/colspec "/><colspec colnum="2" colname="2" colwidth="0.770in" class="- topic/colspec "/><colspec colnum="3" colname="3" colwidth="0.770in" class="- topic/colspec "/><colspec colnum="4" colname="4" colwidth="2.827in" class="- topic/colspec "/><thead class="- topic/thead "><row rowsep="1" class="- topic/row "><entry colname="1" class="- topic/entry "><p class="- topic/p ">Parameter name</p></entry><entry colname="2" class="- topic/entry "><p class="- topic/p ">Data Type</p></entry><entry colname="3" class="- topic/entry "><p class="- topic/p ">Optional</p></entry><entry colname="4" class="- topic/entry "><p class="- topic/p ">Description</p></entry></row></thead><tbody class="- topic/tbody "><row rowsep="0" class="- topic/row "><entry colname="1" class="- topic/entry "><p class="- topic/p ">setVal</p></entry><entry colname="2" class="- topic/entry "><p class="- topic/p "><codeph class="+ topic/ph pr-d/codeph ">IdValuePairs</codeph></p></entry><entry colname="3" class="- topic/entry "><p class="- topic/p ">No</p></entry><entry colname="4" class="- topic/entry "><p class="- topic/p ">Id value pairs to specify the connection
parameter. The valid Ids are:</p><p class="- topic/p ">Constants.FV_CMSCommandNameID
- Name of the connection</p><p class="- topic/p ">Constants.FV_CMSCommandConnTypeId
-Connection Type</p><p class="- topic/p ">Constants.FV_CMSCommandServerId -Server Name</p><p class="- topic/p ">Constants.FV_CMSCommandUserNameId
-User Name</p><p class="- topic/p ">Constants.FV_CMSCommandPasswordId- Password</p><p class="- topic/p ">Constants.FV_CMSCommandUserField1-
Optional User Field1</p><p class="- topic/p ">Constants.FV_CMSCommandRepositoryId-
Repository name for documentum</p><p class="- topic/p ">Constants.FV_CMSCommandUserField2-Optional
User Field2</p></entry></row></tbody></tgroup></adobetable></section></body></topic><topic DTDVersion="V1.1.3" domains="(topic hi-d) (topic pr-d) (topic sw-d) (topic adobe-d)" class="- topic/topic " id="WS871ba2ae9678192d53b3500b13edb97e47c-7ffe_ver2015"><title class="- topic/title ">CMSLogout</title><prolog class="- topic/prolog "><adobemetadata rev="1" status="changed" output="IPH Print Web" xtrc="[Output: IPH, Print, Web] [Revision Control: Changing] " class="+ topic/metadata adobe-d/metadata "/></prolog><body class="- topic/body "><section class="- topic/section "><title class="- topic/title ">Description</title><p class="- topic/p ">Logs out the user from
a particular CMS connection</p></section><section class="- topic/section "><title class="- topic/title ">Returns</title><p class="- topic/p ">Returns <codeph class="+ topic/ph pr-d/codeph ">FE_Success</codeph> if
the operation is successful, else sets FA_errno to <codeph class="+ topic/ph pr-d/codeph ">Constants.FE_CMSFailedLogout</codeph></p></section><section class="- topic/section "><title class="- topic/title ">Syntax</title><p class="- topic/p "><codeph class="+ topic/ph pr-d/codeph ">CMSLogout(cmsSessionId);</codeph></p></section><section class="- topic/section "><title class="- topic/title ">Parameters</title><adobetable frame="all" colsep="1" rowsep="1" class="+ topic/table adobe-d/adobetable "><tgroup cols="4" colsep="1" rowsep="1" outputclass="Table.format" class="- topic/tgroup "><colspec colnum="1" colname="1" colwidth="1.799in" class="- topic/colspec "/><colspec colnum="2" colname="2" colwidth="0.770in" class="- topic/colspec "/><colspec colnum="3" colname="3" colwidth="0.770in" class="- topic/colspec "/><colspec colnum="4" colname="4" colwidth="2.827in" class="- topic/colspec "/><thead class="- topic/thead "><row rowsep="1" class="- topic/row "><entry colname="1" class="- topic/entry "><p class="- topic/p ">Parameter name</p></entry><entry colname="2" class="- topic/entry "><p class="- topic/p ">Data Type</p></entry><entry colname="3" class="- topic/entry "><p class="- topic/p ">Optional</p></entry><entry colname="4" class="- topic/entry "><p class="- topic/p ">Description</p></entry></row></thead><tbody class="- topic/tbody "><row rowsep="0" class="- topic/row "><entry colname="1" class="- topic/entry "><p class="- topic/p ">cmsSessionId</p></entry><entry colname="2" class="- topic/entry "><p class="- topic/p "><codeph class="+ topic/ph pr-d/codeph ">int</codeph></p></entry><entry colname="3" class="- topic/entry "><p class="- topic/p ">No</p></entry><entry colname="4" class="- topic/entry "><p class="- topic/p ">The ID of the CMS session</p></entry></row></tbody></tgroup></adobetable></section></body></topic><topic DTDVersion="V1.1.3" domains="(topic hi-d) (topic pr-d) (topic sw-d) (topic adobe-d)" class="- topic/topic " id="WS871ba2ae9678192d53b3500b13edb97e47c-7ffd_ver2015"><title class="- topic/title ">CMSCheckout</title><prolog class="- topic/prolog "><adobemetadata rev="1" status="changed" output="IPH Print Web" xtrc="[Output: IPH, Print, Web] [Revision Control: Changing] " class="+ topic/metadata adobe-d/metadata "/></prolog><body class="- topic/body "><section class="- topic/section "><title class="- topic/title ">Description</title><p class="- topic/p ">Checks out a file from
the CMS</p></section><section class="- topic/section "><title class="- topic/title ">Returns</title><p class="- topic/p ">Returns <codeph class="+ topic/ph pr-d/codeph ">FE_Success</codeph> if
the operation is successful. Else sets FA_errno to <codeph class="+ topic/ph pr-d/codeph ">Constants.FE_CMSFailedCheckout</codeph></p></section><section class="- topic/section "><title class="- topic/title ">Syntax</title><p class="- topic/p "><codeph class="+ topic/ph pr-d/codeph ">CMSCheckout(cmsSessionId, cmsObjectId, rootWithDescendants);</codeph></p></section><section class="- topic/section "><title class="- topic/title ">Parameters</title><adobetable frame="all" colsep="1" rowsep="1" class="+ topic/table adobe-d/adobetable "><tgroup cols="4" colsep="1" rowsep="1" outputclass="Table.format" class="- topic/tgroup "><colspec colnum="1" colname="1" colwidth="1.799in" class="- topic/colspec "/><colspec colnum="2" colname="2" colwidth="0.770in" class="- topic/colspec "/><colspec colnum="3" colname="3" colwidth="0.770in" class="- topic/colspec "/><colspec colnum="4" colname="4" colwidth="2.827in" class="- topic/colspec "/><thead class="- topic/thead "><row rowsep="1" class="- topic/row "><entry colname="1" class="- topic/entry "><p class="- topic/p ">Parameter name</p></entry><entry colname="2" class="- topic/entry "><p class="- topic/p ">Data Type</p></entry><entry colname="3" class="- topic/entry "><p class="- topic/p ">Optional</p></entry><entry colname="4" class="- topic/entry "><p class="- topic/p ">Description</p></entry></row></thead><tbody class="- topic/tbody "><row rowsep="1" class="- topic/row "><entry colname="1" rowsep="0" class="- topic/entry "><p class="- topic/p ">cmsSessionId</p></entry><entry colname="2" rowsep="0" class="- topic/entry "><p class="- topic/p "><codeph class="+ topic/ph pr-d/codeph ">int</codeph></p></entry><entry colname="3" rowsep="0" class="- topic/entry "><p class="- topic/p ">No</p></entry><entry colname="4" rowsep="0" class="- topic/entry "><p class="- topic/p ">The ID of the CMS Session</p></entry></row><row rowsep="1" class="- topic/row "><entry colname="1" rowsep="0" class="- topic/entry "><p class="- topic/p ">cmsObjectId</p></entry><entry colname="2" rowsep="0" class="- topic/entry "><p class="- topic/p "><codeph class="+ topic/ph pr-d/codeph ">int</codeph></p></entry><entry colname="3" rowsep="0" class="- topic/entry "><p class="- topic/p ">No</p></entry><entry colname="4" rowsep="0" class="- topic/entry "><p class="- topic/p ">The ID of the CMS Object</p></entry></row><row rowsep="0" class="- topic/row "><entry colname="1" class="- topic/entry "><p class="- topic/p ">rootWithDescendants</p></entry><entry colname="2" class="- topic/entry "><p class="- topic/p "><codeph class="+ topic/ph pr-d/codeph ">bool</codeph></p></entry><entry colname="3" class="- topic/entry "><p class="- topic/p ">No</p></entry><entry colname="4" class="- topic/entry "><p class="- topic/p ">True if checked out root with descendants</p></entry></row></tbody></tgroup></adobetable></section></body></topic><topic DTDVersion="V1.1.3" domains="(topic hi-d) (topic pr-d) (topic sw-d) (topic adobe-d)" class="- topic/topic " id="WS871ba2ae9678192d53b3500b13edb97e47c-7ffc_ver2015"><title class="- topic/title ">CMSCheckin</title><prolog class="- topic/prolog "><adobemetadata rev="1" status="changed" output="IPH Print Web" xtrc="[Output: IPH, Print, Web] [Revision Control: Changing] " class="+ topic/metadata adobe-d/metadata "/></prolog><body class="- topic/body "><section class="- topic/section "><title class="- topic/title ">Description</title><p class="- topic/p ">Checks in a file into
the CMS</p></section><section class="- topic/section "><title class="- topic/title ">Returns</title><p class="- topic/p ">Returns FE_Success if the operation
is successful, else sets FA_errno to <codeph class="+ topic/ph pr-d/codeph ">Constants.FE_CMSFailedCheckin</codeph></p></section><section class="- topic/section "><title class="- topic/title ">Syntax</title><p class="- topic/p "><codeph class="+ topic/ph pr-d/codeph ">CMSCheckin (cmsSessionId,objectId, checkinParam);</codeph></p></section><section class="- topic/section "><title class="- topic/title ">Parameters</title><adobetable frame="all" colsep="1" rowsep="1" class="+ topic/table adobe-d/adobetable "><tgroup cols="4" colsep="1" rowsep="1" outputclass="Table.format" class="- topic/tgroup "><colspec colnum="1" colname="1" colwidth="1.799in" class="- topic/colspec "/><colspec colnum="2" colname="2" colwidth="0.770in" class="- topic/colspec "/><colspec colnum="3" colname="3" colwidth="0.770in" class="- topic/colspec "/><colspec colnum="4" colname="4" colwidth="2.827in" class="- topic/colspec "/><thead class="- topic/thead "><row rowsep="1" class="- topic/row "><entry colname="1" class="- topic/entry "><p class="- topic/p ">Parameter name</p></entry><entry colname="2" class="- topic/entry "><p class="- topic/p ">Data Type</p></entry><entry colname="3" class="- topic/entry "><p class="- topic/p ">Optional</p></entry><entry colname="4" class="- topic/entry "><p class="- topic/p ">Description</p></entry></row></thead><tbody class="- topic/tbody "><row rowsep="1" class="- topic/row "><entry colname="1" rowsep="0" class="- topic/entry "><p class="- topic/p ">cmsSessionId</p></entry><entry colname="2" rowsep="0" class="- topic/entry "><p class="- topic/p "><codeph class="+ topic/ph pr-d/codeph ">int</codeph></p></entry><entry colname="3" rowsep="0" class="- topic/entry "><p class="- topic/p ">No</p></entry><entry colname="4" rowsep="0" class="- topic/entry "><p class="- topic/p ">The ID of the CMS Session</p></entry></row><row rowsep="1" class="- topic/row "><entry colname="1" rowsep="0" class="- topic/entry "><p class="- topic/p ">cmsObjectId</p></entry><entry colname="2" rowsep="0" class="- topic/entry "><p class="- topic/p "><codeph class="+ topic/ph pr-d/codeph ">int</codeph></p></entry><entry colname="3" rowsep="0" class="- topic/entry "><p class="- topic/p ">No</p></entry><entry colname="4" rowsep="0" class="- topic/entry "><p class="- topic/p ">The ID of the CMS Object</p></entry></row><row rowsep="0" class="- topic/row "><entry colname="1" class="- topic/entry "><p class="- topic/p ">checkinParam</p></entry><entry colname="2" class="- topic/entry "><p class="- topic/p "><codeph class="+ topic/ph pr-d/codeph ">IdValuePairs</codeph></p></entry><entry colname="3" class="- topic/entry "><p class="- topic/p ">No</p></entry><entry colname="4" class="- topic/entry "><p class="- topic/p ">Id value pairs to specify the checkin parameter.
The valid Ids are:</p><p class="- topic/p ">Constants.FV_CMSCommandCheckinMakeCurrentVersionId</p><p class="- topic/p ">Constants.FV_CMSCommandCheckinKeepLocalCopyId</p><p class="- topic/p ">Constants.FV_CMSCommandCheckinMinorVersionId</p><p class="- topic/p ">Constants.FV_CMSCommandCheckinVersionLabelId</p><p class="- topic/p ">Constants.FV_CMSCommandCheckinDescriptionId</p><p class="- topic/p ">Constants.FV_CMSCommandCheckinCommentId</p></entry></row></tbody></tgroup></adobetable></section></body></topic><topic DTDVersion="V1.1.3" domains="(topic hi-d) (topic pr-d) (topic sw-d) (topic adobe-d)" class="- topic/topic " id="WS871ba2ae9678192d53b3500b13edb97e47c-7ffb_ver2015"><title class="- topic/title ">CMSCancelCheckout</title><prolog class="- topic/prolog "><adobemetadata rev="1" status="changed" output="IPH Print Web" xtrc="[Output: IPH, Print, Web] [Revision Control: Changing] " class="+ topic/metadata adobe-d/metadata "/></prolog><body class="- topic/body "><section class="- topic/section "><title class="- topic/title ">Description</title><p class="- topic/p ">Cancels check out of
a file from the CMS</p></section><section class="- topic/section "><title class="- topic/title ">Returns</title><p class="- topic/p ">Returns FE_Success if the operation
is successful, else sets FA_errno to <codeph class="+ topic/ph pr-d/codeph ">Constants.FE_CMSFailedCancelCheckout</codeph></p></section><section class="- topic/section "><title class="- topic/title ">Syntax</title><p class="- topic/p "><codeph class="+ topic/ph pr-d/codeph ">CMSCancelCheckout (cmsSessionId, objectId);</codeph></p></section><section class="- topic/section "><title class="- topic/title ">Parameters</title><adobetable frame="all" colsep="1" rowsep="1" class="+ topic/table adobe-d/adobetable "><tgroup cols="4" colsep="1" rowsep="1" outputclass="Table.format" class="- topic/tgroup "><colspec colnum="1" colname="1" colwidth="1.799in" class="- topic/colspec "/><colspec colnum="2" colname="2" colwidth="0.770in" class="- topic/colspec "/><colspec colnum="3" colname="3" colwidth="0.770in" class="- topic/colspec "/><colspec colnum="4" colname="4" colwidth="2.827in" class="- topic/colspec "/><thead class="- topic/thead "><row rowsep="1" class="- topic/row "><entry colname="1" class="- topic/entry "><p class="- topic/p ">Parameter name</p></entry><entry colname="2" class="- topic/entry "><p class="- topic/p ">Data Type</p></entry><entry colname="3" class="- topic/entry "><p class="- topic/p ">Optional</p></entry><entry colname="4" class="- topic/entry "><p class="- topic/p ">Description</p></entry></row></thead><tbody class="- topic/tbody "><row rowsep="1" class="- topic/row "><entry colname="1" rowsep="0" class="- topic/entry "><p class="- topic/p ">cmsSessionId</p></entry><entry colname="2" rowsep="0" class="- topic/entry "><p class="- topic/p "><codeph class="+ topic/ph pr-d/codeph ">int</codeph></p></entry><entry colname="3" rowsep="0" class="- topic/entry "><p class="- topic/p ">No</p></entry><entry colname="4" rowsep="0" class="- topic/entry "><p class="- topic/p ">The ID of the CMS Session</p></entry></row><row rowsep="0" class="- topic/row "><entry colname="1" class="- topic/entry "><p class="- topic/p ">cmsObjectId</p></entry><entry colname="2" class="- topic/entry "><p class="- topic/p "><codeph class="+ topic/ph pr-d/codeph ">int</codeph></p></entry><entry colname="3" class="- topic/entry "><p class="- topic/p ">No</p></entry><entry colname="4" class="- topic/entry "><p class="- topic/p ">The ID of the CMS Object</p></entry></row></tbody></tgroup></adobetable></section></body></topic><topic DTDVersion="V1.1.3" domains="(topic hi-d) (topic pr-d) (topic sw-d) (topic adobe-d)" class="- topic/topic " id="WS871ba2ae9678192d53b3500b13edb97e47c-7ffa_ver2015"><title class="- topic/title ">CMSDelete</title><prolog class="- topic/prolog "><adobemetadata rev="1" status="changed" output="IPH Print Web" xtrc="[Output: IPH, Print, Web] [Revision Control: Changing] " class="+ topic/metadata adobe-d/metadata "/></prolog><body class="- topic/body "><section class="- topic/section "><title class="- topic/title ">Description</title><p class="- topic/p ">Deletes a file or a
folder from CMS</p></section><section class="- topic/section "><title class="- topic/title ">Returns</title><p class="- topic/p ">Returns FE_Success if the operation
is successful, else sets FA_errno to <codeph class="+ topic/ph pr-d/codeph ">Constants.FE_CMSFailedDelete</codeph></p></section><section class="- topic/section "><title class="- topic/title ">Syntax</title><p class="- topic/p "><codeph class="+ topic/ph pr-d/codeph ">CMSDelete (cmsSessionId,cmsObjectId, deleteParams);</codeph></p></section><section class="- topic/section "><title class="- topic/title ">Parameters</title><adobetable frame="all" colsep="1" rowsep="1" class="+ topic/table adobe-d/adobetable "><tgroup cols="4" colsep="1" rowsep="1" outputclass="Table.format" class="- topic/tgroup "><colspec colnum="1" colname="1" colwidth="1.799in" class="- topic/colspec "/><colspec colnum="2" colname="2" colwidth="0.770in" class="- topic/colspec "/><colspec colnum="3" colname="3" colwidth="0.770in" class="- topic/colspec "/><colspec colnum="4" colname="4" colwidth="2.827in" class="- topic/colspec "/><thead class="- topic/thead "><row rowsep="1" class="- topic/row "><entry colname="1" class="- topic/entry "><p class="- topic/p ">Parameter name</p></entry><entry colname="2" class="- topic/entry "><p class="- topic/p ">Data Type</p></entry><entry colname="3" class="- topic/entry "><p class="- topic/p ">Optional</p></entry><entry colname="4" class="- topic/entry "><p class="- topic/p ">Description</p></entry></row></thead><tbody class="- topic/tbody "><row rowsep="1" class="- topic/row "><entry colname="1" rowsep="0" class="- topic/entry "><p class="- topic/p ">cmsSessionId</p></entry><entry colname="2" rowsep="0" class="- topic/entry "><p class="- topic/p "><codeph class="+ topic/ph pr-d/codeph ">int</codeph></p></entry><entry colname="3" rowsep="0" class="- topic/entry "><p class="- topic/p ">No</p></entry><entry colname="4" rowsep="0" class="- topic/entry "><p class="- topic/p ">The ID of the CMS Session</p></entry></row><row rowsep="1" class="- topic/row "><entry colname="1" rowsep="0" class="- topic/entry "><p class="- topic/p ">cmsObjectId</p></entry><entry colname="2" rowsep="0" class="- topic/entry "><p class="- topic/p "><codeph class="+ topic/ph pr-d/codeph ">int</codeph></p></entry><entry colname="3" rowsep="0" class="- topic/entry "><p class="- topic/p ">No</p></entry><entry colname="4" rowsep="0" class="- topic/entry "><p class="- topic/p ">The ID of the CMS Object</p></entry></row><row rowsep="0" class="- topic/row "><entry colname="1" class="- topic/entry "><p class="- topic/p ">deleteParams</p></entry><entry colname="2" class="- topic/entry "><p class="- topic/p "><codeph class="+ topic/ph pr-d/codeph ">IdValuePairs</codeph></p></entry><entry colname="3" class="- topic/entry "><p class="- topic/p ">No</p></entry><entry colname="4" class="- topic/entry "><p class="- topic/p ">Id value pairs to specify the delete parameter.The
valid Ids are:</p><p class="- topic/p ">Constants.FV_CMSCommandDeleteAllVersionId</p><p class="- topic/p ">Constants.FV_CMSCommandDeleteAllDependentsId</p></entry></row></tbody></tgroup></adobetable></section></body></topic><topic DTDVersion="V1.1.3" domains="(topic hi-d) (topic pr-d) (topic sw-d) (topic adobe-d)" class="- topic/topic " id="WS871ba2ae9678192d53b3500b13edb97e47c-7ff9_ver2015"><title class="- topic/title ">CMSOpenFile</title><prolog class="- topic/prolog "><adobemetadata rev="1" status="changed" output="IPH Print Web" xtrc="[Output: IPH, Print, Web] [Revision Control: Changing] " class="+ topic/metadata adobe-d/metadata "/></prolog><body class="- topic/body "><section class="- topic/section "><title class="- topic/title ">Description</title><p class="- topic/p ">Opens a file or a book
from CMS in FrameMaker</p></section><section class="- topic/section "><title class="- topic/title ">Returns</title><p class="- topic/p ">Returns the handle of the file
or book if the operation is successful. Else sets FA_errno to <codeph class="+ topic/ph pr-d/codeph ">Constants.FE_CMSFailedOpenFile</codeph></p></section><section class="- topic/section "><title class="- topic/title ">Syntax</title><p class="- topic/p "><codeph class="+ topic/ph pr-d/codeph ">CMSOpenFile(cmsSessionId,cmsObjectId,openParams);</codeph></p></section><section class="- topic/section "><title class="- topic/title ">Parameters</title><adobetable frame="all" colsep="1" rowsep="1" class="+ topic/table adobe-d/adobetable "><tgroup cols="4" colsep="1" rowsep="1" outputclass="Table.format" class="- topic/tgroup "><colspec colnum="1" colname="1" colwidth="1.799in" class="- topic/colspec "/><colspec colnum="2" colname="2" colwidth="0.770in" class="- topic/colspec "/><colspec colnum="3" colname="3" colwidth="0.770in" class="- topic/colspec "/><colspec colnum="4" colname="4" colwidth="2.827in" class="- topic/colspec "/><thead class="- topic/thead "><row rowsep="1" class="- topic/row "><entry colname="1" class="- topic/entry "><p class="- topic/p ">Parameter name</p></entry><entry colname="2" class="- topic/entry "><p class="- topic/p ">Data Type</p></entry><entry colname="3" class="- topic/entry "><p class="- topic/p ">Optional</p></entry><entry colname="4" class="- topic/entry "><p class="- topic/p ">Description</p></entry></row></thead><tbody class="- topic/tbody "><row rowsep="1" class="- topic/row "><entry colname="1" rowsep="0" class="- topic/entry "><p class="- topic/p ">cmsSessionId</p></entry><entry colname="2" rowsep="0" class="- topic/entry "><p class="- topic/p "><codeph class="+ topic/ph pr-d/codeph ">int</codeph></p></entry><entry colname="3" rowsep="0" class="- topic/entry "><p class="- topic/p ">No</p></entry><entry colname="4" rowsep="0" class="- topic/entry "><p class="- topic/p ">The ID of the CMS Session</p></entry></row><row rowsep="1" class="- topic/row "><entry colname="1" rowsep="0" class="- topic/entry "><p class="- topic/p ">cmsObjectId</p></entry><entry colname="2" rowsep="0" class="- topic/entry "><p class="- topic/p "><codeph class="+ topic/ph pr-d/codeph ">int</codeph></p></entry><entry colname="3" rowsep="0" class="- topic/entry "><p class="- topic/p ">No</p></entry><entry colname="4" rowsep="0" class="- topic/entry "><p class="- topic/p ">The ID of the CMS Object</p></entry></row><row rowsep="0" class="- topic/row "><entry colname="1" class="- topic/entry "><p class="- topic/p ">openParams</p></entry><entry colname="2" class="- topic/entry "><p class="- topic/p "><codeph class="+ topic/ph pr-d/codeph ">IdValuePairs</codeph></p></entry><entry colname="3" class="- topic/entry "><p class="- topic/p ">No</p></entry><entry colname="4" class="- topic/entry "><p class="- topic/p ">Id value pairs to specify the open parameter.The
valid Ids are:</p><p class="- topic/p ">Constants.FV_CMSCommandOpenReadOnlyId</p><p class="- topic/p ">Constants.FV_CMSCommandSilentOpenId</p></entry></row></tbody></tgroup></adobetable></section></body></topic><topic DTDVersion="V1.1.3" domains="(topic hi-d) (topic pr-d) (topic sw-d) (topic adobe-d)" class="- topic/topic " id="WS871ba2ae9678192d53b3500b13edb97e47c-7ff8_ver2015"><title class="- topic/title ">CMSUploadObject</title><prolog class="- topic/prolog "><adobemetadata rev="1" status="changed" output="IPH Print Web" xtrc="[Output: IPH, Print, Web] [Revision Control: Changing] " class="+ topic/metadata adobe-d/metadata "/></prolog><body class="- topic/body "><section class="- topic/section "><title class="- topic/title ">Description</title><p class="- topic/p ">Uploads a file or a
folder into the CMS</p></section><section class="- topic/section "><title class="- topic/title ">Returns</title><p class="- topic/p ">Returns FE_Success if the operation
is successful. Else sets FA_errno to <codeph class="+ topic/ph pr-d/codeph ">Constants.FE_CMSFailedUploadObject</codeph></p></section><section class="- topic/section "><title class="- topic/title ">Syntax</title><p class="- topic/p "><codeph class="+ topic/ph pr-d/codeph ">CMSUploadObject(cmsSessionId,cmsObjectId,localFilePath);</codeph></p></section><section class="- topic/section "><title class="- topic/title ">Parameters</title><adobetable frame="all" colsep="1" rowsep="1" class="+ topic/table adobe-d/adobetable "><tgroup cols="4" colsep="1" rowsep="1" outputclass="Table.format" class="- topic/tgroup "><colspec colnum="1" colname="1" colwidth="1.799in" class="- topic/colspec "/><colspec colnum="2" colname="2" colwidth="0.770in" class="- topic/colspec "/><colspec colnum="3" colname="3" colwidth="0.770in" class="- topic/colspec "/><colspec colnum="4" colname="4" colwidth="2.827in" class="- topic/colspec "/><thead class="- topic/thead "><row rowsep="1" class="- topic/row "><entry colname="1" class="- topic/entry "><p class="- topic/p ">Parameter name</p></entry><entry colname="2" class="- topic/entry "><p class="- topic/p ">Data Type</p></entry><entry colname="3" class="- topic/entry "><p class="- topic/p ">Optional</p></entry><entry colname="4" class="- topic/entry "><p class="- topic/p ">Description</p></entry></row></thead><tbody class="- topic/tbody "><row rowsep="1" class="- topic/row "><entry colname="1" rowsep="0" class="- topic/entry "><p class="- topic/p ">cmsSessionId</p></entry><entry colname="2" rowsep="0" class="- topic/entry "><p class="- topic/p "><codeph class="+ topic/ph pr-d/codeph ">int</codeph></p></entry><entry colname="3" rowsep="0" class="- topic/entry "><p class="- topic/p ">No</p></entry><entry colname="4" rowsep="0" class="- topic/entry "><p class="- topic/p ">The ID of the CMS Session</p></entry></row><row rowsep="1" class="- topic/row "><entry colname="1" rowsep="0" class="- topic/entry "><p class="- topic/p ">cmsObjectId</p></entry><entry colname="2" rowsep="0" class="- topic/entry "><p class="- topic/p "><codeph class="+ topic/ph pr-d/codeph ">int</codeph></p></entry><entry colname="3" rowsep="0" class="- topic/entry "><p class="- topic/p ">No</p></entry><entry colname="4" rowsep="0" class="- topic/entry "><p class="- topic/p ">The ID of the CMS Object</p></entry></row><row rowsep="0" class="- topic/row "><entry colname="1" class="- topic/entry "><p class="- topic/p ">localFilePath</p></entry><entry colname="2" class="- topic/entry "><p class="- topic/p "><codeph class="+ topic/ph pr-d/codeph ">string</codeph></p></entry><entry colname="3" class="- topic/entry "><p class="- topic/p ">No</p></entry><entry colname="4" class="- topic/entry "><p class="- topic/p ">The full pathname of the file or folder
to upload</p></entry></row></tbody></tgroup></adobetable></section></body></topic><topic DTDVersion="V1.1.3" domains="(topic hi-d) (topic pr-d) (topic sw-d) (topic adobe-d)" class="- topic/topic " id="WS871ba2ae9678192d53b3500b13edb97e47c-7ff7_ver2015"><title class="- topic/title ">CMSDownloadObject</title><prolog class="- topic/prolog "><adobemetadata rev="1" status="changed" output="IPH Print Web" xtrc="[Output: IPH, Print, Web] [Revision Control: Changing] " class="+ topic/metadata adobe-d/metadata "/></prolog><body class="- topic/body "><section class="- topic/section "><title class="- topic/title ">Description</title><p class="- topic/p ">Downloads a file from
the CMS</p></section><section class="- topic/section "><title class="- topic/title ">Returns</title><p class="- topic/p ">Returns the local file path of
the downloaded file if the operation is successful. Else sets FA_errno
to <codeph class="+ topic/ph pr-d/codeph ">Constants.FE_CMSFailedDownloadObject</codeph></p></section><section class="- topic/section "><title class="- topic/title ">Syntax</title><p class="- topic/p "><codeph class="+ topic/ph pr-d/codeph ">CMSDownloadObject (cmsSessionId, cmsObjectId);</codeph></p></section><section class="- topic/section "><title class="- topic/title ">Parameters</title><adobetable frame="all" colsep="1" rowsep="1" class="+ topic/table adobe-d/adobetable "><tgroup cols="4" colsep="1" rowsep="1" outputclass="Table.format" class="- topic/tgroup "><colspec colnum="1" colname="1" colwidth="1.799in" class="- topic/colspec "/><colspec colnum="2" colname="2" colwidth="0.770in" class="- topic/colspec "/><colspec colnum="3" colname="3" colwidth="0.770in" class="- topic/colspec "/><colspec colnum="4" colname="4" colwidth="2.827in" class="- topic/colspec "/><thead class="- topic/thead "><row rowsep="1" class="- topic/row "><entry colname="1" class="- topic/entry "><p class="- topic/p ">Parameter name</p></entry><entry colname="2" class="- topic/entry "><p class="- topic/p ">Data Type</p></entry><entry colname="3" class="- topic/entry "><p class="- topic/p ">Optional</p></entry><entry colname="4" class="- topic/entry "><p class="- topic/p ">Description</p></entry></row></thead><tbody class="- topic/tbody "><row rowsep="1" class="- topic/row "><entry colname="1" rowsep="0" class="- topic/entry "><p class="- topic/p ">cmsSessionId</p></entry><entry colname="2" rowsep="0" class="- topic/entry "><p class="- topic/p "><codeph class="+ topic/ph pr-d/codeph ">int</codeph></p></entry><entry colname="3" rowsep="0" class="- topic/entry "><p class="- topic/p ">No</p></entry><entry colname="4" rowsep="0" class="- topic/entry "><p class="- topic/p ">The ID of the CMS Session</p></entry></row><row rowsep="0" class="- topic/row "><entry colname="1" class="- topic/entry "><p class="- topic/p ">cmsObjectId</p></entry><entry colname="2" class="- topic/entry "><p class="- topic/p "><codeph class="+ topic/ph pr-d/codeph ">int</codeph></p></entry><entry colname="3" class="- topic/entry "><p class="- topic/p ">No</p></entry><entry colname="4" class="- topic/entry "><p class="- topic/p ">The ID of the CMS Object</p></entry></row></tbody></tgroup></adobetable></section></body></topic><topic DTDVersion="V1.1.3" domains="(topic hi-d) (topic pr-d) (topic sw-d) (topic adobe-d)" class="- topic/topic " id="WS871ba2ae9678192d73fccd713edb9cddb7-8000_ver2015"><title class="- topic/title ">GetCMSObjectFromPath</title><prolog class="- topic/prolog "><adobemetadata rev="1" status="changed" output="IPH Print Web" xtrc="[Output: IPH, Print, Web] [Revision Control: Changing] " class="+ topic/metadata adobe-d/metadata "/></prolog><body class="- topic/body "><section class="- topic/section "><title class="- topic/title ">Description</title><p class="- topic/p ">Gets CMS object from
a URL path</p></section><section class="- topic/section "><title class="- topic/title ">Returns</title><p class="- topic/p ">Returns the handle of a CMS object
if the operation is successful. Else sets FA_errno to <codeph class="+ topic/ph pr-d/codeph ">Constants.FE_CMSFailedGetItemFrompath</codeph></p></section><section class="- topic/section "><title class="- topic/title ">Syntax</title><p class="- topic/p "><codeph class="+ topic/ph pr-d/codeph ">GetCMSObjectFromPath (cmsSessionId,urlPath);</codeph></p></section><section class="- topic/section "><title class="- topic/title ">Parameters</title><adobetable frame="all" colsep="1" rowsep="1" class="+ topic/table adobe-d/adobetable "><tgroup cols="4" colsep="1" rowsep="1" outputclass="Table.format" class="- topic/tgroup "><colspec colnum="1" colname="1" colwidth="1.799in" class="- topic/colspec "/><colspec colnum="2" colname="2" colwidth="0.770in" class="- topic/colspec "/><colspec colnum="3" colname="3" colwidth="0.770in" class="- topic/colspec "/><colspec colnum="4" colname="4" colwidth="2.827in" class="- topic/colspec "/><thead class="- topic/thead "><row rowsep="1" class="- topic/row "><entry colname="1" class="- topic/entry "><p class="- topic/p ">Parameter name</p></entry><entry colname="2" class="- topic/entry "><p class="- topic/p ">Data Type</p></entry><entry colname="3" class="- topic/entry "><p class="- topic/p ">Optional</p></entry><entry colname="4" class="- topic/entry "><p class="- topic/p ">Description</p></entry></row></thead><tbody class="- topic/tbody "><row rowsep="1" class="- topic/row "><entry colname="1" rowsep="0" class="- topic/entry "><p class="- topic/p ">cmsSessionId</p></entry><entry colname="2" rowsep="0" class="- topic/entry "><p class="- topic/p "><codeph class="+ topic/ph pr-d/codeph ">int</codeph></p></entry><entry colname="3" rowsep="0" class="- topic/entry "><p class="- topic/p ">No</p></entry><entry colname="4" rowsep="0" class="- topic/entry "><p class="- topic/p ">The ID of the CMS Session</p></entry></row><row rowsep="0" class="- topic/row "><entry colname="1" class="- topic/entry "><p class="- topic/p ">urlPath</p></entry><entry colname="2" class="- topic/entry "><p class="- topic/p "><codeph class="+ topic/ph pr-d/codeph ">string</codeph></p></entry><entry colname="3" class="- topic/entry "><p class="- topic/p ">No</p></entry><entry colname="4" class="- topic/entry "><p class="- topic/p ">The url pathname of the file or folder</p></entry></row></tbody></tgroup></adobetable></section></body></topic></topic></topic></dita>